# JRE version: OpenJDK Runtime Environment Temurin-21.0.8+9 (21.0.8+9) (build 21.0.8+9-LTS)
# Java VM: OpenJDK 64-Bit Server VM Temurin-21.0.8+9 (21.0.8+9-LTS, mixed mode, sharing, tiered, compressed oops, compressed class ptrs, parallel gc, windows-amd64)
GC Precious Log:
 CardTable entry size: 512
 CPUs: 32 total, 32 available
 Memory: 127G
 Large Page Support: Disabled
 NUMA Support: Disabled
 Compressed Oops: Enabled (32-bit)
 Alignments: Space 512K, Generation 512K, Heap 2M
 Heap Min Capacity: 100M
 Heap Initial Capacity: 100M
 Heap Max Capacity: 2G
 Pre-touch: Disabled
 Parallel Workers: 23
Heap:
 PSYoungGen      total 4608K, used 4149K [0x00000000d5580000, 0x00000000d5d80000, 0x0000000100000000)
  eden space 2560K, 99% used [0x00000000d5580000,0x00000000d57ffb28,0x00000000d5800000)
  from space 2048K, 77% used [0x00000000d5800000,0x00000000d598d8f0,0x00000000d5a00000)
  to   space 2560K, 0% used [0x00000000d5b00000,0x00000000d5b00000,0x00000000d5d80000)
 ParOldGen       total 818688K, used 450292K [0x0000000080000000, 0x00000000b1f80000, 0x00000000d5580000)
  object space 818688K, 55% used [0x0000000080000000,0x000000009b7bd298,0x00000000b1f80000)
 Metaspace       used 92230K, committed 94080K, reserved 1179648K
  class space    used 9816K, committed 10624K, reserved 1048576K
GC Heap History (20 events):
Event: 234.187 GC heap before
{Heap before GC invocations=1020 (full 4):
 PSYoungGen      total 6144K, used 5814K [0x00000000d5580000, 0x00000000d5f80000, 0x0000000100000000)
  eden space 3072K, 100% used [0x00000000d5580000,0x00000000d5880000,0x00000000d5880000)
  from space 3072K, 89% used [0x00000000d5880000,0x00000000d5b2d8f0,0x00000000d5b80000)
  to   space 3584K, 0% used [0x00000000d5c00000,0x00000000d5c00000,0x00000000d5f80000)
 ParOldGen       total 818688K, used 437745K [0x0000000080000000, 0x00000000b1f80000, 0x00000000d5580000)
  object space 818688K, 53% used [0x0000000080000000,0x000000009ab7c628,0x00000000b1f80000)
 Metaspace       used 92145K, committed 94016K, reserved 1179648K
  class space    used 9816K, committed 10624K, reserved 1048576K
}
Event: 234.188 GC heap after
{Heap after GC invocations=1020 (full 4):
 PSYoungGen      total 4096K, used 947K [0x00000000d5580000, 0x00000000d5d00000, 0x0000000100000000)
  eden space 3072K, 0% used [0x00000000d5580000,0x00000000d5580000,0x00000000d5880000)
  from space 1024K, 92% used [0x00000000d5c00000,0x00000000d5ceccd8,0x00000000d5d00000)
  to   space 2048K, 0% used [0x00000000d5900000,0x00000000d5900000,0x00000000d5b00000)
 ParOldGen       total 818688K, used 437753K [0x0000000080000000, 0x00000000b1f80000, 0x00000000d5580000)
  object space 818688K, 53% used [0x0000000080000000,0x000000009ab7e628,0x00000000b1f80000)
 Metaspace       used 92145K, committed 94016K, reserved 1179648K
  class space    used 9816K, committed 10624K, reserved 1048576K
}
Event: 234.192 GC heap before
{Heap before GC invocations=1021 (full 4):
 PSYoungGen      total 4096K, used 4019K [0x00000000d5580000, 0x00000000d5d00000, 0x0000000100000000)
  eden space 3072K, 100% used [0x00000000d5580000,0x00000000d5880000,0x00000000d5880000)
  from space 1024K, 92% used [0x00000000d5c00000,0x00000000d5ceccd8,0x00000000d5d00000)
  to   space 2048K, 0% used [0x00000000d5900000,0x00000000d5900000,0x00000000d5b00000)
 ParOldGen       total 818688K, used 437753K [0x0000000080000000, 0x00000000b1f80000, 0x00000000d5580000)
  object space 818688K, 53% used [0x0000000080000000,0x000000009ab7e628,0x00000000b1f80000)
 Metaspace       used 92159K, committed 94016K, reserved 1179648K
  class space    used 9816K, committed 10624K, reserved 1048576K
}
Event: 234.193 GC heap after
{Heap after GC invocations=1021 (full 4):
 PSYoungGen      total 5120K, used 896K [0x00000000d5580000, 0x00000000d5c80000, 0x0000000100000000)
  eden space 3072K, 0% used [0x00000000d5580000,0x00000000d5580000,0x00000000d5880000)
  from space 2048K, 43% used [0x00000000d5900000,0x00000000d59e0000,0x00000000d5b00000)
  to   space 1536K, 0% used [0x00000000d5b00000,0x00000000d5b00000,0x00000000d5c80000)
 ParOldGen       total 818688K, used 438527K [0x0000000080000000, 0x00000000b1f80000, 0x00000000d5580000)
  object space 818688K, 53% used [0x0000000080000000,0x000000009ac3fc10,0x00000000b1f80000)
 Metaspace       used 92159K, committed 94016K, reserved 1179648K
  class space    used 9816K, committed 10624K, reserved 1048576K
}
Event: 234.446 GC heap before
{Heap before GC invocations=1022 (full 4):
 PSYoungGen      total 5120K, used 3740K [0x00000000d5580000, 0x00000000d5c80000, 0x0000000100000000)
  eden space 3072K, 92% used [0x00000000d5580000,0x00000000d5847288,0x00000000d5880000)
  from space 2048K, 43% used [0x00000000d5900000,0x00000000d59e0000,0x00000000d5b00000)
  to   space 1536K, 0% used [0x00000000d5b00000,0x00000000d5b00000,0x00000000d5c80000)
 ParOldGen       total 818688K, used 438527K [0x0000000080000000, 0x00000000b1f80000, 0x00000000d5580000)
  object space 818688K, 53% used [0x0000000080000000,0x000000009ac3fc10,0x00000000b1f80000)
 Metaspace       used 92208K, committed 94016K, reserved 1179648K
  class space    used 9816K, committed 10624K, reserved 1048576K
}
Event: 234.448 GC heap after
{Heap after GC invocations=1022 (full 4):
 PSYoungGen      total 4096K, used 864K [0x00000000d5580000, 0x00000000d5c00000, 0x0000000100000000)
  eden space 3072K, 0% used [0x00000000d5580000,0x00000000d5580000,0x00000000d5880000)
  from space 1024K, 84% used [0x00000000d5b00000,0x00000000d5bd8000,0x00000000d5c00000)
  to   space 1024K, 0% used [0x00000000d5a00000,0x00000000d5a00000,0x00000000d5b00000)
 ParOldGen       total 818688K, used 439199K [0x0000000080000000, 0x00000000b1f80000, 0x00000000d5580000)
  object space 818688K, 53% used [0x0000000080000000,0x000000009ace7c10,0x00000000b1f80000)
 Metaspace       used 92208K, committed 94016K, reserved 1179648K
  class space    used 9816K, committed 10624K, reserved 1048576K
}
Event: 234.451 GC heap before
{Heap before GC invocations=1023 (full 4):
 PSYoungGen      total 4096K, used 3936K [0x00000000d5580000, 0x00000000d5c00000, 0x0000000100000000)
  eden space 3072K, 100% used [0x00000000d5580000,0x00000000d5880000,0x00000000d5880000)
  from space 1024K, 84% used [0x00000000d5b00000,0x00000000d5bd8000,0x00000000d5c00000)
  to   space 1024K, 0% used [0x00000000d5a00000,0x00000000d5a00000,0x00000000d5b00000)
 ParOldGen       total 818688K, used 439199K [0x0000000080000000, 0x00000000b1f80000, 0x00000000d5580000)
  object space 818688K, 53% used [0x0000000080000000,0x000000009ace7c10,0x00000000b1f80000)
 Metaspace       used 92213K, committed 94016K, reserved 1179648K
  class space    used 9816K, committed 10624K, reserved 1048576K
}
Event: 234.453 GC heap after
{Heap after GC invocations=1023 (full 4):
 PSYoungGen      total 4096K, used 800K [0x00000000d5580000, 0x00000000d5b80000, 0x0000000100000000)
  eden space 3072K, 0% used [0x00000000d5580000,0x00000000d5580000,0x00000000d5880000)
  from space 1024K, 78% used [0x00000000d5a00000,0x00000000d5ac8000,0x00000000d5b00000)
  to   space 512K, 0% used [0x00000000d5b00000,0x00000000d5b00000,0x00000000d5b80000)
 ParOldGen       total 818688K, used 439785K [0x0000000080000000, 0x00000000b1f80000, 0x00000000d5580000)
  object space 818688K, 53% used [0x0000000080000000,0x000000009ad7a7a8,0x00000000b1f80000)
 Metaspace       used 92213K, committed 94016K, reserved 1179648K
  class space    used 9816K, committed 10624K, reserved 1048576K
}
Event: 234.458 GC heap before
{Heap before GC invocations=1024 (full 4):
 PSYoungGen      total 4096K, used 3872K [0x00000000d5580000, 0x00000000d5b80000, 0x0000000100000000)
  eden space 3072K, 100% used [0x00000000d5580000,0x00000000d5880000,0x00000000d5880000)
  from space 1024K, 78% used [0x00000000d5a00000,0x00000000d5ac8000,0x00000000d5b00000)
  to   space 512K, 0% used [0x00000000d5b00000,0x00000000d5b00000,0x00000000d5b80000)
 ParOldGen       total 818688K, used 439785K [0x0000000080000000, 0x00000000b1f80000, 0x00000000d5580000)
  object space 818688K, 53% used [0x0000000080000000,0x000000009ad7a7a8,0x00000000b1f80000)
 Metaspace       used 92222K, committed 94080K, reserved 1179648K
  class space    used 9816K, committed 10624K, reserved 1048576K
}
Event: 234.460 GC heap after
{Heap after GC invocations=1024 (full 4):
 PSYoungGen      total 3584K, used 512K [0x00000000d5580000, 0x00000000d5d80000, 0x0000000100000000)
  eden space 3072K, 0% used [0x00000000d5580000,0x00000000d5580000,0x00000000d5880000)
  from space 512K, 100% used [0x00000000d5b00000,0x00000000d5b80000,0x00000000d5b80000)
  to   space 2560K, 0% used [0x00000000d5880000,0x00000000d5880000,0x00000000d5b00000)
 ParOldGen       total 818688K, used 441280K [0x0000000080000000, 0x00000000b1f80000, 0x00000000d5580000)
  object space 818688K, 53% used [0x0000000080000000,0x000000009aef0098,0x00000000b1f80000)
 Metaspace       used 92222K, committed 94080K, reserved 1179648K
  class space    used 9816K, committed 10624K, reserved 1048576K
}
Event: 234.464 GC heap before
{Heap before GC invocations=1025 (full 4):
 PSYoungGen      total 3584K, used 3559K [0x00000000d5580000, 0x00000000d5d80000, 0x0000000100000000)
  eden space 3072K, 99% used [0x00000000d5580000,0x00000000d5879d00,0x00000000d5880000)
  from space 512K, 100% used [0x00000000d5b00000,0x00000000d5b80000,0x00000000d5b80000)
  to   space 2560K, 0% used [0x00000000d5880000,0x00000000d5880000,0x00000000d5b00000)
 ParOldGen       total 818688K, used 441280K [0x0000000080000000, 0x00000000b1f80000, 0x00000000d5580000)
  object space 818688K, 53% used [0x0000000080000000,0x000000009aef0098,0x00000000b1f80000)
 Metaspace       used 92222K, committed 94080K, reserved 1179648K
  class space    used 9816K, committed 10624K, reserved 1048576K
}
Event: 234.467 GC heap after
{Heap after GC invocations=1025 (full 4):
 PSYoungGen      total 5632K, used 2539K [0x00000000d5580000, 0x00000000d6180000, 0x0000000100000000)
  eden space 3072K, 0% used [0x00000000d5580000,0x00000000d5580000,0x00000000d5880000)
  from space 2560K, 99% used [0x00000000d5880000,0x00000000d5afac78,0x00000000d5b00000)
  to   space 4096K, 0% used [0x00000000d5d80000,0x00000000d5d80000,0x00000000d6180000)
 ParOldGen       total 818688K, used 442268K [0x0000000080000000, 0x00000000b1f80000, 0x00000000d5580000)
  object space 818688K, 54% used [0x0000000080000000,0x000000009afe70a8,0x00000000b1f80000)
 Metaspace       used 92222K, committed 94080K, reserved 1179648K
  class space    used 9816K, committed 10624K, reserved 1048576K
}
Event: 234.470 GC heap before
{Heap before GC invocations=1026 (full 4):
 PSYoungGen      total 5632K, used 5611K [0x00000000d5580000, 0x00000000d6180000, 0x0000000100000000)
  eden space 3072K, 100% used [0x00000000d5580000,0x00000000d5880000,0x00000000d5880000)
  from space 2560K, 99% used [0x00000000d5880000,0x00000000d5afac78,0x00000000d5b00000)
  to   space 4096K, 0% used [0x00000000d5d80000,0x00000000d5d80000,0x00000000d6180000)
 ParOldGen       total 818688K, used 442268K [0x0000000080000000, 0x00000000b1f80000, 0x00000000d5580000)
  object space 818688K, 54% used [0x0000000080000000,0x000000009afe70a8,0x00000000b1f80000)
 Metaspace       used 92222K, committed 94080K, reserved 1179648K
  class space    used 9816K, committed 10624K, reserved 1048576K
}
Event: 234.473 GC heap after
{Heap after GC invocations=1026 (full 4):
 PSYoungGen      total 7680K, used 3371K [0x00000000d5580000, 0x00000000d6100000, 0x0000000100000000)
  eden space 4096K, 0% used [0x00000000d5580000,0x00000000d5580000,0x00000000d5980000)
  from space 3584K, 94% used [0x00000000d5d80000,0x00000000d60cac78,0x00000000d6100000)
  to   space 3584K, 0% used [0x00000000d5a00000,0x00000000d5a00000,0x00000000d5d80000)
 ParOldGen       total 818688K, used 444887K [0x0000000080000000, 0x00000000b1f80000, 0x00000000d5580000)
  object space 818688K, 54% used [0x0000000080000000,0x000000009b275d20,0x00000000b1f80000)
 Metaspace       used 92222K, committed 94080K, reserved 1179648K
  class space    used 9816K, committed 10624K, reserved 1048576K
}
Event: 234.480 GC heap before
{Heap before GC invocations=1027 (full 4):
 PSYoungGen      total 7680K, used 7467K [0x00000000d5580000, 0x00000000d6100000, 0x0000000100000000)
  eden space 4096K, 100% used [0x00000000d5580000,0x00000000d5980000,0x00000000d5980000)
  from space 3584K, 94% used [0x00000000d5d80000,0x00000000d60cac78,0x00000000d6100000)
  to   space 3584K, 0% used [0x00000000d5a00000,0x00000000d5a00000,0x00000000d5d80000)
 ParOldGen       total 818688K, used 444887K [0x0000000080000000, 0x00000000b1f80000, 0x00000000d5580000)
  object space 818688K, 54% used [0x0000000080000000,0x000000009b275d20,0x00000000b1f80000)
 Metaspace       used 92225K, committed 94080K, reserved 1179648K
  class space    used 9816K, committed 10624K, reserved 1048576K
}
Event: 234.484 GC heap after
{Heap after GC invocations=1027 (full 4):
 PSYoungGen      total 6144K, used 1312K [0x00000000d5580000, 0x00000000d5f80000, 0x0000000100000000)
  eden space 4608K, 0% used [0x00000000d5580000,0x00000000d5580000,0x00000000d5a00000)
  from space 1536K, 85% used [0x00000000d5a00000,0x00000000d5b48000,0x00000000d5b80000)
  to   space 2560K, 0% used [0x00000000d5d00000,0x00000000d5d00000,0x00000000d5f80000)
 ParOldGen       total 818688K, used 448010K [0x0000000080000000, 0x00000000b1f80000, 0x00000000d5580000)
  object space 818688K, 54% used [0x0000000080000000,0x000000009b582998,0x00000000b1f80000)
 Metaspace       used 92225K, committed 94080K, reserved 1179648K
  class space    used 9816K, committed 10624K, reserved 1048576K
}
Event: 234.491 GC heap before
{Heap before GC invocations=1028 (full 4):
 PSYoungGen      total 6144K, used 5920K [0x00000000d5580000, 0x00000000d5f80000, 0x0000000100000000)
  eden space 4608K, 100% used [0x00000000d5580000,0x00000000d5a00000,0x00000000d5a00000)
  from space 1536K, 85% used [0x00000000d5a00000,0x00000000d5b48000,0x00000000d5b80000)
  to   space 2560K, 0% used [0x00000000d5d00000,0x00000000d5d00000,0x00000000d5f80000)
 ParOldGen       total 818688K, used 448010K [0x0000000080000000, 0x00000000b1f80000, 0x00000000d5580000)
  object space 818688K, 54% used [0x0000000080000000,0x000000009b582998,0x00000000b1f80000)
 Metaspace       used 92230K, committed 94080K, reserved 1179648K
  class space    used 9816K, committed 10624K, reserved 1048576K
}
Event: 234.495 GC heap after
{Heap after GC invocations=1028 (full 4):
 PSYoungGen      total 5120K, used 2550K [0x00000000d5580000, 0x00000000d6500000, 0x0000000100000000)
  eden space 2560K, 0% used [0x00000000d5580000,0x00000000d5580000,0x00000000d5800000)
  from space 2560K, 99% used [0x00000000d5d00000,0x00000000d5f7d8f0,0x00000000d5f80000)
  to   space 5120K, 0% used [0x00000000d5800000,0x00000000d5800000,0x00000000d5d00000)
 ParOldGen       total 818688K, used 449692K [0x0000000080000000, 0x00000000b1f80000, 0x00000000d5580000)
  object space 818688K, 54% used [0x0000000080000000,0x000000009b727298,0x00000000b1f80000)
 Metaspace       used 92230K, committed 94080K, reserved 1179648K
  class space    used 9816K, committed 10624K, reserved 1048576K
}
Event: 234.500 GC heap before
{Heap before GC invocations=1029 (full 4):
 PSYoungGen      total 5120K, used 5110K [0x00000000d5580000, 0x00000000d6500000, 0x0000000100000000)
  eden space 2560K, 100% used [0x00000000d5580000,0x00000000d5800000,0x00000000d5800000)
  from space 2560K, 99% used [0x00000000d5d00000,0x00000000d5f7d8f0,0x00000000d5f80000)
  to   space 5120K, 0% used [0x00000000d5800000,0x00000000d5800000,0x00000000d5d00000)
 ParOldGen       total 818688K, used 449692K [0x0000000080000000, 0x00000000b1f80000, 0x00000000d5580000)
  object space 818688K, 54% used [0x0000000080000000,0x000000009b727298,0x00000000b1f80000)
 Metaspace       used 92230K, committed 94080K, reserved 1179648K
  class space    used 9816K, committed 10624K, reserved 1048576K
}
Event: 234.502 GC heap after
{Heap after GC invocations=1029 (full 4):
 PSYoungGen      total 4608K, used 1590K [0x00000000d5580000, 0x00000000d5d80000, 0x0000000100000000)
  eden space 2560K, 0% used [0x00000000d5580000,0x00000000d5580000,0x00000000d5800000)
  from space 2048K, 77% used [0x00000000d5800000,0x00000000d598d8f0,0x00000000d5a00000)
  to   space 2560K, 0% used [0x00000000d5b00000,0x00000000d5b00000,0x00000000d5d80000)
 ParOldGen       total 818688K, used 450292K [0x0000000080000000, 0x00000000b1f80000, 0x00000000d5580000)
  object space 818688K, 55% used [0x0000000080000000,0x000000009b7bd298,0x00000000b1f80000)
 Metaspace       used 92230K, committed 94080K, reserved 1179648K
  class space    used 9816K, committed 10624K, reserved 1048576K
}

